<?xml version="1.0" encoding="UTF-8"?>
<!-- Generated by org.testng.reporters.JUnitReportReporter -->
<testsuite hostname="Dell-Inspiron-5559" failures="0" tests="1" name="test.HomePageTest" time="20.002" errors="0" timestamp="2021-09-23T00:11:42 IST" skipped="0">
  <testcase classname="test.HomePageTest" name="SelectMovie" time="20.002"/>
  <system-out/>
</testsuite> <!-- test.HomePageTest -->
