<?xml version="1.0" encoding="UTF-8"?>
<!-- Generated by org.testng.reporters.JUnitReportReporter -->
<testsuite hostname="Dell-Inspiron-5559" failures="0" tests="1" name="test.HomePageTest" time="16.678" errors="0" timestamp="2021-09-20T10:42:45 IST" skipped="0">
  <testcase classname="test.HomePageTest" name="SelectMovie" time="16.678"/>
  <system-out/>
</testsuite> <!-- test.HomePageTest -->
