<?xml version="1.0" encoding="UTF-8"?>
<!-- Generated by org.testng.reporters.JUnitReportReporter -->
<testsuite hostname="Dell-Inspiron-5559" failures="0" tests="1" name="test.HomePageTest" time="18.803" errors="0" timestamp="2021-09-21T18:14:33 IST" skipped="0">
  <testcase classname="test.HomePageTest" name="SelectMovie" time="18.803"/>
  <system-out/>
</testsuite> <!-- test.HomePageTest -->
