<?xml version="1.0" encoding="UTF-8"?>
<!-- Generated by org.testng.reporters.JUnitReportReporter -->
<testsuite hostname="Dell-Inspiron-5559" failures="0" tests="1" name="test.HomePageTest" time="42.996" errors="0" timestamp="2021-09-24T22:26:11 IST" skipped="0">
  <testcase classname="test.HomePageTest" name="SelectMovie" time="42.996"/>
  <system-out/>
</testsuite> <!-- test.HomePageTest -->
